# JRE version: Java(TM) SE Runtime Environment (8.0_144-b01) (build 1.8.0_144-b01)
# Java VM: Java HotSpot(TM) 64-Bit Server VM (25.144-b01 mixed mode bsd-amd64 compressed oops)
Heap:
 PSYoungGen      total 71168K, used 57384K [0x000000076ab00000, 0x000000076fc00000, 0x00000007c0000000)
  eden space 62464K, 81% used [0x000000076ab00000,0x000000076dcb2378,0x000000076e800000)
  from space 8704K, 74% used [0x000000076f380000,0x000000076f9d8050,0x000000076fc00000)
  to   space 10240K, 0% used [0x000000076e800000,0x000000076e800000,0x000000076f200000)
 ParOldGen       total 175104K, used 5376K [0x00000006c0000000, 0x00000006cab00000, 0x000000076ab00000)
  object space 175104K, 3% used [0x00000006c0000000,0x00000006c0540030,0x00000006cab00000)
 Metaspace       used 19068K, capacity 20114K, committed 20352K, reserved 1067008K
  class space    used 2671K, capacity 2924K, committed 2944K, reserved 1048576K
GC Heap History (10 events):
Event: 6.807 GC heap before
{Heap before GC invocations=2 (full 0):
 PSYoungGen      total 76288K, used 74674K [0x000000076ab00000, 0x0000000770000000, 0x00000007c0000000)
  eden space 65536K, 100% used [0x000000076ab00000,0x000000076eb00000,0x000000076eb00000)
  from space 10752K, 84% used [0x000000076eb00000,0x000000076f3ecae0,0x000000076f580000)
  to   space 10752K, 0% used [0x000000076f580000,0x000000076f580000,0x0000000770000000)
 ParOldGen       total 175104K, used 2712K [0x00000006c0000000, 0x00000006cab00000, 0x000000076ab00000)
  object space 175104K, 1% used [0x00000006c0000000,0x00000006c02a6020,0x00000006cab00000)
 Metaspace       used 18275K, capacity 19258K, committed 19328K, reserved 1064960K
  class space    used 2657K, capacity 2877K, committed 2944K, reserved 1048576K
Event: 6.816 GC heap after
Heap after GC invocations=2 (full 0):
 PSYoungGen      total 76288K, used 9042K [0x000000076ab00000, 0x0000000770000000, 0x00000007c0000000)
  eden space 65536K, 0% used [0x000000076ab00000,0x000000076ab00000,0x000000076eb00000)
  from space 10752K, 84% used [0x000000076f580000,0x000000076fe54ae0,0x0000000770000000)
  to   space 10752K, 0% used [0x000000076eb00000,0x000000076eb00000,0x000000076f580000)
 ParOldGen       total 175104K, used 5344K [0x00000006c0000000, 0x00000006cab00000, 0x000000076ab00000)
  object space 175104K, 3% used [0x00000006c0000000,0x00000006c0538030,0x00000006cab00000)
 Metaspace       used 18275K, capacity 19258K, committed 19328K, reserved 1064960K
  class space    used 2657K, capacity 2877K, committed 2944K, reserved 1048576K
}
Event: 12.309 GC heap before
{Heap before GC invocations=3 (full 0):
 PSYoungGen      total 76288K, used 74578K [0x000000076ab00000, 0x0000000770000000, 0x00000007c0000000)
  eden space 65536K, 100% used [0x000000076ab00000,0x000000076eb00000,0x000000076eb00000)
  from space 10752K, 84% used [0x000000076f580000,0x000000076fe54ae0,0x0000000770000000)
  to   space 10752K, 0% used [0x000000076eb00000,0x000000076eb00000,0x000000076f580000)
 ParOldGen       total 175104K, used 5344K [0x00000006c0000000, 0x00000006cab00000, 0x000000076ab00000)
  object space 175104K, 3% used [0x00000006c0000000,0x00000006c0538030,0x00000006cab00000)
 Metaspace       used 18616K, capacity 19622K, committed 19840K, reserved 1067008K
  class space    used 2667K, capacity 2889K, committed 2944K, reserved 1048576K
Event: 12.316 GC heap after
Heap after GC invocations=3 (full 0):
 PSYoungGen      total 76288K, used 6482K [0x000000076ab00000, 0x0000000770000000, 0x00000007c0000000)
  eden space 65536K, 0% used [0x000000076ab00000,0x000000076ab00000,0x000000076eb00000)
  from space 10752K, 60% used [0x000000076eb00000,0x000000076f154af0,0x000000076f580000)
  to   space 10752K, 0% used [0x000000076f580000,0x000000076f580000,0x0000000770000000)
 ParOldGen       total 175104K, used 5352K [0x00000006c0000000, 0x00000006cab00000, 0x000000076ab00000)
  object space 175104K, 3% used [0x00000006c0000000,0x00000006c053a030,0x00000006cab00000)
 Metaspace       used 18616K, capacity 19622K, committed 19840K, reserved 1067008K
  class space    used 2667K, capacity 2889K, committed 2944K, reserved 1048576K
}
Event: 18.199 GC heap before
{Heap before GC invocations=4 (full 0):
 PSYoungGen      total 76288K, used 72018K [0x000000076ab00000, 0x0000000770000000, 0x00000007c0000000)
  eden space 65536K, 100% used [0x000000076ab00000,0x000000076eb00000,0x000000076eb00000)
  from space 10752K, 60% used [0x000000076eb00000,0x000000076f154af0,0x000000076f580000)
  to   space 10752K, 0% used [0x000000076f580000,0x000000076f580000,0x0000000770000000)
 ParOldGen       total 175104K, used 5352K [0x00000006c0000000, 0x00000006cab00000, 0x000000076ab00000)
  object space 175104K, 3% used [0x00000006c0000000,0x00000006c053a030,0x00000006cab00000)
 Metaspace       used 18777K, capacity 19852K, committed 20096K, reserved 1067008K
  class space    used 2670K, capacity 2923K, committed 2944K, reserved 1048576K
Event: 18.206 GC heap after
Heap after GC invocations=4 (full 0):
 PSYoungGen      total 76288K, used 6530K [0x000000076ab00000, 0x0000000770000000, 0x00000007c0000000)
  eden space 65536K, 0% used [0x000000076ab00000,0x000000076ab00000,0x000000076eb00000)
  from space 10752K, 60% used [0x000000076f580000,0x000000076fbe0ae0,0x0000000770000000)
  to   space 10752K, 0% used [0x000000076eb00000,0x000000076eb00000,0x000000076f580000)
 ParOldGen       total 175104K, used 5360K [0x00000006c0000000, 0x00000006cab00000, 0x000000076ab00000)
  object space 175104K, 3% used [0x00000006c0000000,0x00000006c053c030,0x00000006cab00000)
 Metaspace       used 18777K, capacity 19852K, committed 20096K, reserved 1067008K
  class space    used 2670K, capacity 2923K, committed 2944K, reserved 1048576K
}
Event: 22.183 GC heap before
{Heap before GC invocations=5 (full 0):
 PSYoungGen      total 76288K, used 72066K [0x000000076ab00000, 0x0000000770000000, 0x00000007c0000000)
  eden space 65536K, 100% used [0x000000076ab00000,0x000000076eb00000,0x000000076eb00000)
  from space 10752K, 60% used [0x000000076f580000,0x000000076fbe0ae0,0x0000000770000000)
  to   space 10752K, 0% used [0x000000076eb00000,0x000000076eb00000,0x000000076f580000)
 ParOldGen       total 175104K, used 5360K [0x00000006c0000000, 0x00000006cab00000, 0x000000076ab00000)
  object space 175104K, 3% used [0x00000006c0000000,0x00000006c053c030,0x00000006cab00000)
 Metaspace       used 18926K, capacity 19980K, committed 20096K, reserved 1067008K
  class space    used 2670K, capacity 2923K, committed 2944K, reserved 1048576K
Event: 22.190 GC heap after
Heap after GC invocations=5 (full 0):
 PSYoungGen      total 70656K, used 6560K [0x000000076ab00000, 0x000000076fd80000, 0x00000007c0000000)
  eden space 64000K, 0% used [0x000000076ab00000,0x000000076ab00000,0x000000076e980000)
  from space 6656K, 98% used [0x000000076eb00000,0x000000076f168050,0x000000076f180000)
  to   space 10240K, 0% used [0x000000076f380000,0x000000076f380000,0x000000076fd80000)
 ParOldGen       total 175104K, used 5368K [0x00000006c0000000, 0x00000006cab00000, 0x000000076ab00000)
  object space 175104K, 3% used [0x00000006c0000000,0x00000006c053e030,0x00000006cab00000)
 Metaspace       used 18926K, capacity 19980K, committed 20096K, reserved 1067008K
  class space    used 2670K, capacity 2923K, committed 2944K, reserved 1048576K
}
Event: 26.133 GC heap before
{Heap before GC invocations=6 (full 0):
 PSYoungGen      total 70656K, used 70560K [0x000000076ab00000, 0x000000076fd80000, 0x00000007c0000000)
  eden space 64000K, 100% used [0x000000076ab00000,0x000000076e980000,0x000000076e980000)
  from space 6656K, 98% used [0x000000076eb00000,0x000000076f168050,0x000000076f180000)
  to   space 10240K, 0% used [0x000000076f380000,0x000000076f380000,0x000000076fd80000)
 ParOldGen       total 175104K, used 5368K [0x00000006c0000000, 0x00000006cab00000, 0x000000076ab00000)
  object space 175104K, 3% used [0x00000006c0000000,0x00000006c053e030,0x00000006cab00000)
 Metaspace       used 19034K, capacity 20108K, committed 20352K, reserved 1067008K
  class space    used 2670K, capacity 2923K, committed 2944K, reserved 1048576K
Event: 26.140 GC heap after
Heap after GC invocations=6 (full 0):
 PSYoungGen      total 71168K, used 6496K [0x000000076ab00000, 0x000000076fc00000, 0x00000007c0000000)
  eden space 62464K, 0% used [0x000000076ab00000,0x000000076ab00000,0x000000076e800000)
  from space 8704K, 74% used [0x000000076f380000,0x000000076f9d8050,0x000000076fc00000)
  to   space 10240K, 0% used [0x000000076e800000,0x000000076e800000,0x000000076f200000)
 ParOldGen       total 175104K, used 5376K [0x00000006c0000000, 0x00000006cab00000, 0x000000076ab00000)
  object space 175104K, 3% used [0x00000006c0000000,0x00000006c0540030,0x00000006cab00000)
 Metaspace       used 19034K, capacity 20108K, committed 20352K, reserved 1067008K
  class space    used 2670K, capacity 2923K, committed 2944K, reserved 1048576K
}

